<?xml version="1.0" encoding="UTF-8"?>
<testsuite name="RoboDogTest" tests="6" skipped="0" failures="0" errors="0" timestamp="2020-06-13T03:13:01" hostname="DESKTOP-LVBAOCR" time="0.0">
  <properties/>
  <testcase name="t6shouldBeAbleToIncreasePetsHealth" classname="RoboDogTest" time="0.0"/>
  <testcase name="t1shouldReturnPetName" classname="RoboDogTest" time="0.0"/>
  <testcase name="t3shouldReturnHappiness" classname="RoboDogTest" time="0.0"/>
  <testcase name="t2shouldReturnPetDescription" classname="RoboDogTest" time="0.0"/>
  <testcase name="t4shouldReturnHealth" classname="RoboDogTest" time="0.0"/>
  <testcase name="t5shouldReturnOilLevel" classname="RoboDogTest" time="0.0"/>
  <system-out><![CDATA[]]></system-out>
  <system-err><![CDATA[]]></system-err>
</testsuite>
