<?xml version="1.0" encoding="UTF-8"?>
<testsuite name="RoboticCatTest" tests="6" skipped="0" failures="0" errors="0" timestamp="2020-06-13T03:13:01" hostname="DESKTOP-LVBAOCR" time="0.001">
  <properties/>
  <testcase name="t6shouldBeAbleToIncreasePetsHealth" classname="RoboticCatTest" time="0.0"/>
  <testcase name="t1shouldReturnPetName" classname="RoboticCatTest" time="0.0"/>
  <testcase name="t3shouldReturnHappiness" classname="RoboticCatTest" time="0.0"/>
  <testcase name="t2shouldReturnPetDescription" classname="RoboticCatTest" time="0.0"/>
  <testcase name="t4shouldReturnHealth" classname="RoboticCatTest" time="0.0"/>
  <testcase name="t5shouldReturnOilLevel" classname="RoboticCatTest" time="0.0"/>
  <system-out><![CDATA[]]></system-out>
  <system-err><![CDATA[]]></system-err>
</testsuite>
