<?xml version="1.0" encoding="UTF-8"?>
<testsuite name="OrganicDogTest" tests="9" skipped="0" failures="0" errors="0" timestamp="2020-06-13T03:13:01" hostname="DESKTOP-LVBAOCR" time="0.002">
  <properties/>
  <testcase name="t1shouldReturnPetName" classname="OrganicDogTest" time="0.0"/>
  <testcase name="t6shouldReturnThirst" classname="OrganicDogTest" time="0.0"/>
  <testcase name="t3shouldReturnHappiness" classname="OrganicDogTest" time="0.0"/>
  <testcase name="t5shouldReturnHunger" classname="OrganicDogTest" time="0.0"/>
  <testcase name="t7shouldReturnBored" classname="OrganicDogTest" time="0.0"/>
  <testcase name="t2shouldReturnPetDescription" classname="OrganicDogTest" time="0.0"/>
  <testcase name="t9shouldBeAbleToIncreasePetsHealth" classname="OrganicDogTest" time="0.001"/>
  <testcase name="t4shouldReturnHealth" classname="OrganicDogTest" time="0.0"/>
  <testcase name="t8shouldReturnDogsCage" classname="OrganicDogTest" time="0.0"/>
  <system-out><![CDATA[]]></system-out>
  <system-err><![CDATA[]]></system-err>
</testsuite>
